c:\dev\pong\bin\intermediates\win32\vc142.pdb
c:\dev\pong\bin\intermediates\win32\vc142.idb
c:\dev\pong\bin\intermediates\win32\screen.obj
c:\dev\pong\bin\intermediates\win32\main.obj
c:\dev\pong\bin\intermediates\win32\input.obj
c:\dev\pong\bin\intermediates\win32\paddle.obj
c:\dev\pong\bin\intermediates\win32\ball.obj
c:\dev\pong\bin\intermediates\win32\entity.obj
c:\dev\pong\bin\intermediates\win32\userinput.obj
c:\dev\pong\bin\win32\pong.exe
c:\dev\pong\bin\win32\pong.ilk
c:\dev\pong\bin\win32\pong.pdb
c:\dev\pong\bin\win32\\pong.pdb
c:\dev\pong\bin\win32\\pong.exe
c:\dev\pong\bin\win32\\pong.ilk
c:\dev\pong\bin\intermediates\win32\pong.tlog\cl.command.1.tlog
c:\dev\pong\bin\intermediates\win32\pong.tlog\cl.read.1.tlog
c:\dev\pong\bin\intermediates\win32\pong.tlog\cl.write.1.tlog
c:\dev\pong\bin\intermediates\win32\pong.tlog\link.command.1.tlog
c:\dev\pong\bin\intermediates\win32\pong.tlog\link.read.1.tlog
c:\dev\pong\bin\intermediates\win32\pong.tlog\link.write.1.tlog
